# JRE version: Java(TM) SE Runtime Environment (8.0_251-b08) (build 1.8.0_251-b08)
# Java VM: Java HotSpot(TM) 64-Bit Server VM (25.251-b08 mixed mode windows-amd64 compressed oops)
Heap:
 PSYoungGen      total 259072K, used 198421K [0x00000000e0000000, 0x00000000f4580000, 0x0000000100000000)
  eden space 242176K, 76% used [0x00000000e0000000,0x00000000eb4d2908,0x00000000eec80000)
  from space 16896K, 78% used [0x00000000f0c80000,0x00000000f1972df8,0x00000000f1d00000)
  to   space 32768K, 0% used [0x00000000eec80000,0x00000000eec80000,0x00000000f0c80000)
 ParOldGen       total 260096K, used 94460K [0x00000000a0000000, 0x00000000afe00000, 0x00000000e0000000)
  object space 260096K, 36% used [0x00000000a0000000,0x00000000a5c3f300,0x00000000afe00000)
 Metaspace       used 70170K, capacity 75438K, committed 75608K, reserved 1114112K
  class space    used 9688K, capacity 10856K, committed 10880K, reserved 1048576K
GC Heap History (10 events):
Event: 7.710 GC heap before
{Heap before GC invocations=13 (full 2):
 PSYoungGen      total 201728K, used 166652K [0x00000000e0000000, 0x00000000ef880000, 0x0000000100000000)
  eden space 186880K, 81% used [0x00000000e0000000,0x00000000e9443c58,0x00000000eb680000)
  from space 14848K, 99% used [0x00000000ecc00000,0x00000000eda7b708,0x00000000eda80000)
  to   space 22016K, 0% used [0x00000000eb680000,0x00000000eb680000,0x00000000ecc00000)
 ParOldGen       total 149504K, used 35649K [0x00000000a0000000, 0x00000000a9200000, 0x00000000e0000000)
  object space 149504K, 23% used [0x00000000a0000000,0x00000000a22d04c0,0x00000000a9200000)
 Metaspace       used 55167K, capacity 58990K, committed 59096K, reserved 1099776K
  class space    used 7902K, capacity 8669K, committed 8704K, reserved 1048576K
Event: 7.738 GC heap after
Heap after GC invocations=13 (full 2):
 PSYoungGen      total 208896K, used 21984K [0x00000000e0000000, 0x00000000f2a00000, 0x0000000100000000)
  eden space 186880K, 0% used [0x00000000e0000000,0x00000000e0000000,0x00000000eb680000)
  from space 22016K, 99% used [0x00000000eb680000,0x00000000ecbf8020,0x00000000ecc00000)
  to   space 30208K, 0% used [0x00000000f0c80000,0x00000000f0c80000,0x00000000f2a00000)
 ParOldGen       total 149504K, used 49546K [0x00000000a0000000, 0x00000000a9200000, 0x00000000e0000000)
  object space 149504K, 33% used [0x00000000a0000000,0x00000000a3062b98,0x00000000a9200000)
 Metaspace       used 55167K, capacity 58990K, committed 59096K, reserved 1099776K
  class space    used 7902K, capacity 8669K, committed 8704K, reserved 1048576K
}
Event: 7.738 GC heap before
{Heap before GC invocations=14 (full 3):
 PSYoungGen      total 208896K, used 21984K [0x00000000e0000000, 0x00000000f2a00000, 0x0000000100000000)
  eden space 186880K, 0% used [0x00000000e0000000,0x00000000e0000000,0x00000000eb680000)
  from space 22016K, 99% used [0x00000000eb680000,0x00000000ecbf8020,0x00000000ecc00000)
  to   space 30208K, 0% used [0x00000000f0c80000,0x00000000f0c80000,0x00000000f2a00000)
 ParOldGen       total 149504K, used 49546K [0x00000000a0000000, 0x00000000a9200000, 0x00000000e0000000)
  object space 149504K, 33% used [0x00000000a0000000,0x00000000a3062b98,0x00000000a9200000)
 Metaspace       used 55167K, capacity 58990K, committed 59096K, reserved 1099776K
  class space    used 7902K, capacity 8669K, committed 8704K, reserved 1048576K
Event: 7.942 GC heap after
Heap after GC invocations=14 (full 3):
 PSYoungGen      total 208896K, used 0K [0x00000000e0000000, 0x00000000f2a00000, 0x0000000100000000)
  eden space 186880K, 0% used [0x00000000e0000000,0x00000000e0000000,0x00000000eb680000)
  from space 22016K, 0% used [0x00000000eb680000,0x00000000eb680000,0x00000000ecc00000)
  to   space 30208K, 0% used [0x00000000f0c80000,0x00000000f0c80000,0x00000000f2a00000)
 ParOldGen       total 260096K, used 65098K [0x00000000a0000000, 0x00000000afe00000, 0x00000000e0000000)
  object space 260096K, 25% used [0x00000000a0000000,0x00000000a3f928a8,0x00000000afe00000)
 Metaspace       used 55154K, capacity 58948K, committed 59096K, reserved 1099776K
  class space    used 7898K, capacity 8662K, committed 8704K, reserved 1048576K
}
Event: 9.836 GC heap before
{Heap before GC invocations=15 (full 3):
 PSYoungGen      total 208896K, used 186880K [0x00000000e0000000, 0x00000000f2a00000, 0x0000000100000000)
  eden space 186880K, 100% used [0x00000000e0000000,0x00000000eb680000,0x00000000eb680000)
  from space 22016K, 0% used [0x00000000eb680000,0x00000000eb680000,0x00000000ecc00000)
  to   space 30208K, 0% used [0x00000000f0c80000,0x00000000f0c80000,0x00000000f2a00000)
 ParOldGen       total 260096K, used 65098K [0x00000000a0000000, 0x00000000afe00000, 0x00000000e0000000)
  object space 260096K, 25% used [0x00000000a0000000,0x00000000a3f928a8,0x00000000afe00000)
 Metaspace       used 59633K, capacity 64460K, committed 64728K, reserved 1103872K
  class space    used 8595K, capacity 9677K, committed 9728K, reserved 1048576K
Event: 9.852 GC heap after
Heap after GC invocations=15 (full 3):
 PSYoungGen      total 244736K, used 16812K [0x00000000e0000000, 0x00000000f1d00000, 0x0000000100000000)
  eden space 227840K, 0% used [0x00000000e0000000,0x00000000e0000000,0x00000000ede80000)
  from space 16896K, 99% used [0x00000000f0c80000,0x00000000f1ceb138,0x00000000f1d00000)
  to   space 29184K, 0% used [0x00000000ee400000,0x00000000ee400000,0x00000000f0080000)
 ParOldGen       total 260096K, used 65106K [0x00000000a0000000, 0x00000000afe00000, 0x00000000e0000000)
  object space 260096K, 25% used [0x00000000a0000000,0x00000000a3f948a8,0x00000000afe00000)
 Metaspace       used 59633K, capacity 64460K, committed 64728K, reserved 1103872K
  class space    used 8595K, capacity 9677K, committed 9728K, reserved 1048576K
}
Event: 11.327 GC heap before
{Heap before GC invocations=16 (full 3):
 PSYoungGen      total 244736K, used 244652K [0x00000000e0000000, 0x00000000f1d00000, 0x0000000100000000)
  eden space 227840K, 100% used [0x00000000e0000000,0x00000000ede80000,0x00000000ede80000)
  from space 16896K, 99% used [0x00000000f0c80000,0x00000000f1ceb138,0x00000000f1d00000)
  to   space 29184K, 0% used [0x00000000ee400000,0x00000000ee400000,0x00000000f0080000)
 ParOldGen       total 260096K, used 65106K [0x00000000a0000000, 0x00000000afe00000, 0x00000000e0000000)
  object space 260096K, 25% used [0x00000000a0000000,0x00000000a3f948a8,0x00000000afe00000)
 Metaspace       used 63640K, capacity 68810K, committed 69080K, reserved 1107968K
  class space    used 9064K, capacity 10182K, committed 10240K, reserved 1048576K
Event: 11.346 GC heap after
Heap after GC invocations=16 (full 3):
 PSYoungGen      total 257024K, used 29179K [0x00000000e0000000, 0x00000000f1d00000, 0x0000000100000000)
  eden space 227840K, 0% used [0x00000000e0000000,0x00000000e0000000,0x00000000ede80000)
  from space 29184K, 99% used [0x00000000ee400000,0x00000000f007ec50,0x00000000f0080000)
  to   space 16896K, 0% used [0x00000000f0c80000,0x00000000f0c80000,0x00000000f1d00000)
 ParOldGen       total 260096K, used 66441K [0x00000000a0000000, 0x00000000afe00000, 0x00000000e0000000)
  object space 260096K, 25% used [0x00000000a0000000,0x00000000a40e2488,0x00000000afe00000)
 Metaspace       used 63640K, capacity 68810K, committed 69080K, reserved 1107968K
  class space    used 9064K, capacity 10182K, committed 10240K, reserved 1048576K
}
Event: 55.133 GC heap before
{Heap before GC invocations=17 (full 3):
 PSYoungGen      total 257024K, used 257019K [0x00000000e0000000, 0x00000000f1d00000, 0x0000000100000000)
  eden space 227840K, 100% used [0x00000000e0000000,0x00000000ede80000,0x00000000ede80000)
  from space 29184K, 99% used [0x00000000ee400000,0x00000000f007ec50,0x00000000f0080000)
  to   space 16896K, 0% used [0x00000000f0c80000,0x00000000f0c80000,0x00000000f1d00000)
 ParOldGen       total 260096K, used 66441K [0x00000000a0000000, 0x00000000afe00000, 0x00000000e0000000)
  object space 260096K, 25% used [0x00000000a0000000,0x00000000a40e2488,0x00000000afe00000)
 Metaspace       used 69798K, capacity 75114K, committed 75352K, reserved 1114112K
  class space    used 9684K, capacity 10850K, committed 10880K, reserved 1048576K
Event: 55.154 GC heap after
Heap after GC invocations=17 (full 3):
 PSYoungGen      total 259072K, used 13259K [0x00000000e0000000, 0x00000000f4580000, 0x0000000100000000)
  eden space 242176K, 0% used [0x00000000e0000000,0x00000000e0000000,0x00000000eec80000)
  from space 16896K, 78% used [0x00000000f0c80000,0x00000000f1972df8,0x00000000f1d00000)
  to   space 32768K, 0% used [0x00000000eec80000,0x00000000eec80000,0x00000000f0c80000)
 ParOldGen       total 260096K, used 94460K [0x00000000a0000000, 0x00000000afe00000, 0x00000000e0000000)
  object space 260096K, 36% used [0x00000000a0000000,0x00000000a5c3f300,0x00000000afe00000)
 Metaspace       used 69798K, capacity 75114K, committed 75352K, reserved 1114112K
  class space    used 9684K, capacity 10850K, committed 10880K, reserved 1048576K
}

