# JRE version: Java(TM) SE Runtime Environment (8.0_251-b08) (build 1.8.0_251-b08)
# Java VM: Java HotSpot(TM) 64-Bit Server VM (25.251-b08 mixed mode windows-amd64 compressed oops)
Heap:
 PSYoungGen      total 418304K, used 306671K [0x00000000e0000000, 0x00000000ffa00000, 0x0000000100000000)
  eden space 338944K, 68% used [0x00000000e0000000,0x00000000ee1e0ac8,0x00000000f4b00000)
  from space 79360K, 94% used [0x00000000fa400000,0x00000000fed9b1c8,0x00000000ff180000)
  to   space 89600K, 0% used [0x00000000f4b00000,0x00000000f4b00000,0x00000000fa280000)
 ParOldGen       total 250880K, used 175808K [0x00000000a0000000, 0x00000000af500000, 0x00000000e0000000)
  object space 250880K, 70% used [0x00000000a0000000,0x00000000aabb0188,0x00000000af500000)
 Metaspace       used 82227K, capacity 89312K, committed 89432K, reserved 1126400K
  class space    used 11068K, capacity 12559K, committed 12672K, reserved 1048576K
GC Heap History (10 events):
Event: 602.020 GC heap before
{Heap before GC invocations=25 (full 3):
 PSYoungGen      total 456192K, used 456184K [0x00000000e0000000, 0x0000000100000000, 0x0000000100000000)
  eden space 402944K, 100% used [0x00000000e0000000,0x00000000f8980000,0x00000000f8980000)
  from space 53248K, 99% used [0x00000000f9800000,0x00000000fcbfe2b0,0x00000000fcc00000)
  to   space 53248K, 0% used [0x00000000fcc00000,0x00000000fcc00000,0x0000000100000000)
 ParOldGen       total 250880K, used 146517K [0x00000000a0000000, 0x00000000af500000, 0x00000000e0000000)
  object space 250880K, 58% used [0x00000000a0000000,0x00000000a8f15610,0x00000000af500000)
 Metaspace       used 78535K, capacity 84582K, committed 84696K, reserved 1122304K
  class space    used 10661K, capacity 11993K, committed 12032K, reserved 1048576K
Event: 602.052 GC heap after
Heap after GC invocations=25 (full 3):
 PSYoungGen      total 434176K, used 36785K [0x00000000e0000000, 0x00000000ff800000, 0x0000000100000000)
  eden space 389120K, 0% used [0x00000000e0000000,0x00000000e0000000,0x00000000f7c00000)
  from space 45056K, 81% used [0x00000000fcc00000,0x00000000fefec510,0x00000000ff800000)
  to   space 63488K, 0% used [0x00000000f7c00000,0x00000000f7c00000,0x00000000fba00000)
 ParOldGen       total 250880K, used 175776K [0x00000000a0000000, 0x00000000af500000, 0x00000000e0000000)
  object space 250880K, 70% used [0x00000000a0000000,0x00000000aaba8188,0x00000000af500000)
 Metaspace       used 78535K, capacity 84582K, committed 84696K, reserved 1122304K
  class space    used 10661K, capacity 11993K, committed 12032K, reserved 1048576K
}
Event: 742.781 GC heap before
{Heap before GC invocations=26 (full 3):
 PSYoungGen      total 434176K, used 425905K [0x00000000e0000000, 0x00000000ff800000, 0x0000000100000000)
  eden space 389120K, 100% used [0x00000000e0000000,0x00000000f7c00000,0x00000000f7c00000)
  from space 45056K, 81% used [0x00000000fcc00000,0x00000000fefec510,0x00000000ff800000)
  to   space 63488K, 0% used [0x00000000f7c00000,0x00000000f7c00000,0x00000000fba00000)
 ParOldGen       total 250880K, used 175776K [0x00000000a0000000, 0x00000000af500000, 0x00000000e0000000)
  object space 250880K, 70% used [0x00000000a0000000,0x00000000aaba8188,0x00000000af500000)
 Metaspace       used 78816K, capacity 84844K, committed 84952K, reserved 1122304K
  class space    used 10663K, capacity 11994K, committed 12032K, reserved 1048576K
Event: 742.805 GC heap after
Heap after GC invocations=26 (full 3):
 PSYoungGen      total 420352K, used 44371K [0x00000000e0000000, 0x00000000fef00000, 0x0000000100000000)
  eden space 375808K, 0% used [0x00000000e0000000,0x00000000e0000000,0x00000000f6f00000)
  from space 44544K, 99% used [0x00000000f7c00000,0x00000000fa754f80,0x00000000fa780000)
  to   space 65536K, 0% used [0x00000000faf00000,0x00000000faf00000,0x00000000fef00000)
 ParOldGen       total 250880K, used 175784K [0x00000000a0000000, 0x00000000af500000, 0x00000000e0000000)
  object space 250880K, 70% used [0x00000000a0000000,0x00000000aabaa188,0x00000000af500000)
 Metaspace       used 78816K, capacity 84844K, committed 84952K, reserved 1122304K
  class space    used 10663K, capacity 11994K, committed 12032K, reserved 1048576K
}
Event: 794.448 GC heap before
{Heap before GC invocations=27 (full 3):
 PSYoungGen      total 420352K, used 420179K [0x00000000e0000000, 0x00000000fef00000, 0x0000000100000000)
  eden space 375808K, 100% used [0x00000000e0000000,0x00000000f6f00000,0x00000000f6f00000)
  from space 44544K, 99% used [0x00000000f7c00000,0x00000000fa754f80,0x00000000fa780000)
  to   space 65536K, 0% used [0x00000000faf00000,0x00000000faf00000,0x00000000fef00000)
 ParOldGen       total 250880K, used 175784K [0x00000000a0000000, 0x00000000af500000, 0x00000000e0000000)
  object space 250880K, 70% used [0x00000000a0000000,0x00000000aabaa188,0x00000000af500000)
 Metaspace       used 78966K, capacity 84912K, committed 84952K, reserved 1122304K
  class space    used 10667K, capacity 11994K, committed 12032K, reserved 1048576K
Event: 794.469 GC heap after
Heap after GC invocations=27 (full 3):
 PSYoungGen      total 428544K, used 59054K [0x00000000e0000000, 0x00000000ff080000, 0x0000000100000000)
  eden space 363008K, 0% used [0x00000000e0000000,0x00000000e0000000,0x00000000f6280000)
  from space 65536K, 90% used [0x00000000faf00000,0x00000000fe8abad0,0x00000000fef00000)
  to   space 72704K, 0% used [0x00000000f6280000,0x00000000f6280000,0x00000000fa980000)
 ParOldGen       total 250880K, used 175792K [0x00000000a0000000, 0x00000000af500000, 0x00000000e0000000)
  object space 250880K, 70% used [0x00000000a0000000,0x00000000aabac188,0x00000000af500000)
 Metaspace       used 78966K, capacity 84912K, committed 84952K, reserved 1122304K
  class space    used 10667K, capacity 11994K, committed 12032K, reserved 1048576K
}
Event: 922.351 GC heap before
{Heap before GC invocations=28 (full 3):
 PSYoungGen      total 428544K, used 422062K [0x00000000e0000000, 0x00000000ff080000, 0x0000000100000000)
  eden space 363008K, 100% used [0x00000000e0000000,0x00000000f6280000,0x00000000f6280000)
  from space 65536K, 90% used [0x00000000faf00000,0x00000000fe8abad0,0x00000000fef00000)
  to   space 72704K, 0% used [0x00000000f6280000,0x00000000f6280000,0x00000000fa980000)
 ParOldGen       total 250880K, used 175792K [0x00000000a0000000, 0x00000000af500000, 0x00000000e0000000)
  object space 250880K, 70% used [0x00000000a0000000,0x00000000aabac188,0x00000000af500000)
 Metaspace       used 79124K, capacity 85104K, committed 85208K, reserved 1122304K
  class space    used 10667K, capacity 11994K, committed 12032K, reserved 1048576K
Event: 922.379 GC heap after
Heap after GC invocations=28 (full 3):
 PSYoungGen      total 414208K, used 63187K [0x00000000e0000000, 0x00000000ff180000, 0x0000000100000000)
  eden space 350720K, 0% used [0x00000000e0000000,0x00000000e0000000,0x00000000f5680000)
  from space 63488K, 99% used [0x00000000f6280000,0x00000000fa034c20,0x00000000fa080000)
  to   space 79360K, 0% used [0x00000000fa400000,0x00000000fa400000,0x00000000ff180000)
 ParOldGen       total 250880K, used 175800K [0x00000000a0000000, 0x00000000af500000, 0x00000000e0000000)
  object space 250880K, 70% used [0x00000000a0000000,0x00000000aabae188,0x00000000af500000)
 Metaspace       used 79124K, capacity 85104K, committed 85208K, reserved 1122304K
  class space    used 10667K, capacity 11994K, committed 12032K, reserved 1048576K
}
Event: 935.221 GC heap before
{Heap before GC invocations=29 (full 3):
 PSYoungGen      total 414208K, used 413907K [0x00000000e0000000, 0x00000000ff180000, 0x0000000100000000)
  eden space 350720K, 100% used [0x00000000e0000000,0x00000000f5680000,0x00000000f5680000)
  from space 63488K, 99% used [0x00000000f6280000,0x00000000fa034c20,0x00000000fa080000)
  to   space 79360K, 0% used [0x00000000fa400000,0x00000000fa400000,0x00000000ff180000)
 ParOldGen       total 250880K, used 175800K [0x00000000a0000000, 0x00000000af500000, 0x00000000e0000000)
  object space 250880K, 70% used [0x00000000a0000000,0x00000000aabae188,0x00000000af500000)
 Metaspace       used 79797K, capacity 86276K, committed 86360K, reserved 1124352K
  class space    used 10757K, capacity 12136K, committed 12160K, reserved 1048576K
Event: 935.254 GC heap after
Heap after GC invocations=29 (full 3):
 PSYoungGen      total 418304K, used 75372K [0x00000000e0000000, 0x00000000ffa00000, 0x0000000100000000)
  eden space 338944K, 0% used [0x00000000e0000000,0x00000000e0000000,0x00000000f4b00000)
  from space 79360K, 94% used [0x00000000fa400000,0x00000000fed9b1c8,0x00000000ff180000)
  to   space 89600K, 0% used [0x00000000f4b00000,0x00000000f4b00000,0x00000000fa280000)
 ParOldGen       total 250880K, used 175808K [0x00000000a0000000, 0x00000000af500000, 0x00000000e0000000)
  object space 250880K, 70% used [0x00000000a0000000,0x00000000aabb0188,0x00000000af500000)
 Metaspace       used 79797K, capacity 86276K, committed 86360K, reserved 1124352K
  class space    used 10757K, capacity 12136K, committed 12160K, reserved 1048576K
}

