# JRE version: Java(TM) SE Runtime Environment (8.0_251-b08) (build 1.8.0_251-b08)
# Java VM: Java HotSpot(TM) 64-Bit Server VM (25.251-b08 mixed mode windows-amd64 compressed oops)
Heap:
 PSYoungGen      total 222208K, used 53717K [0x00000000e0000000, 0x00000000f4180000, 0x0000000100000000)
  eden space 198144K, 27% used [0x00000000e0000000,0x00000000e34757a0,0x00000000ec180000)
  from space 24064K, 0% used [0x00000000ec180000,0x00000000ec180000,0x00000000ed900000)
  to   space 24064K, 0% used [0x00000000f2a00000,0x00000000f2a00000,0x00000000f4180000)
 ParOldGen       total 247296K, used 69197K [0x00000000a0000000, 0x00000000af180000, 0x00000000e0000000)
  object space 247296K, 27% used [0x00000000a0000000,0x00000000a43937a8,0x00000000af180000)
 Metaspace       used 56478K, capacity 60468K, committed 60632K, reserved 1101824K
  class space    used 8112K, capacity 8929K, committed 8960K, reserved 1048576K
GC Heap History (10 events):
Event: 6.122 GC heap before
{Heap before GC invocations=10 (full 2):
 PSYoungGen      total 113664K, used 101888K [0x00000000e0000000, 0x00000000ec080000, 0x0000000100000000)
  eden space 101888K, 100% used [0x00000000e0000000,0x00000000e6380000,0x00000000e6380000)
  from space 11776K, 0% used [0x00000000e6380000,0x00000000e6380000,0x00000000e6f00000)
  to   space 11776K, 0% used [0x00000000eb500000,0x00000000eb500000,0x00000000ec080000)
 ParOldGen       total 145408K, used 14270K [0x00000000a0000000, 0x00000000a8e00000, 0x00000000e0000000)
  object space 145408K, 9% used [0x00000000a0000000,0x00000000a0defbf8,0x00000000a8e00000)
 Metaspace       used 38857K, capacity 39920K, committed 40064K, reserved 1083392K
  class space    used 5407K, capacity 5668K, committed 5760K, reserved 1048576K
Event: 6.140 GC heap after
Heap after GC invocations=10 (full 2):
 PSYoungGen      total 167936K, used 8989K [0x00000000e0000000, 0x00000000ebe00000, 0x0000000100000000)
  eden space 158720K, 0% used [0x00000000e0000000,0x00000000e0000000,0x00000000e9b00000)
  from space 9216K, 97% used [0x00000000eb500000,0x00000000ebdc7448,0x00000000ebe00000)
  to   space 11776K, 0% used [0x00000000ea700000,0x00000000ea700000,0x00000000eb280000)
 ParOldGen       total 145408K, used 14278K [0x00000000a0000000, 0x00000000a8e00000, 0x00000000e0000000)
  object space 145408K, 9% used [0x00000000a0000000,0x00000000a0df1bf8,0x00000000a8e00000)
 Metaspace       used 38857K, capacity 39920K, committed 40064K, reserved 1083392K
  class space    used 5407K, capacity 5668K, committed 5760K, reserved 1048576K
}
Event: 8.025 GC heap before
{Heap before GC invocations=11 (full 2):
 PSYoungGen      total 167936K, used 167709K [0x00000000e0000000, 0x00000000ebe00000, 0x0000000100000000)
  eden space 158720K, 100% used [0x00000000e0000000,0x00000000e9b00000,0x00000000e9b00000)
  from space 9216K, 97% used [0x00000000eb500000,0x00000000ebdc7448,0x00000000ebe00000)
  to   space 11776K, 0% used [0x00000000ea700000,0x00000000ea700000,0x00000000eb280000)
 ParOldGen       total 145408K, used 14278K [0x00000000a0000000, 0x00000000a8e00000, 0x00000000e0000000)
  object space 145408K, 9% used [0x00000000a0000000,0x00000000a0df1bf8,0x00000000a8e00000)
 Metaspace       used 46172K, capacity 48084K, committed 48256K, reserved 1091584K
  class space    used 6542K, capacity 6981K, committed 7040K, reserved 1048576K
Event: 8.035 GC heap after
Heap after GC invocations=11 (full 2):
 PSYoungGen      total 182784K, used 11773K [0x00000000e0000000, 0x00000000ee800000, 0x0000000100000000)
  eden space 171008K, 0% used [0x00000000e0000000,0x00000000e0000000,0x00000000ea700000)
  from space 11776K, 99% used [0x00000000ea700000,0x00000000eb27f6d8,0x00000000eb280000)
  to   space 15360K, 0% used [0x00000000ed900000,0x00000000ed900000,0x00000000ee800000)
 ParOldGen       total 145408K, used 21196K [0x00000000a0000000, 0x00000000a8e00000, 0x00000000e0000000)
  object space 145408K, 14% used [0x00000000a0000000,0x00000000a14b31c0,0x00000000a8e00000)
 Metaspace       used 46172K, capacity 48084K, committed 48256K, reserved 1091584K
  class space    used 6542K, capacity 6981K, committed 7040K, reserved 1048576K
}
Event: 9.423 GC heap before
{Heap before GC invocations=12 (full 2):
 PSYoungGen      total 182784K, used 182781K [0x00000000e0000000, 0x00000000ee800000, 0x0000000100000000)
  eden space 171008K, 100% used [0x00000000e0000000,0x00000000ea700000,0x00000000ea700000)
  from space 11776K, 99% used [0x00000000ea700000,0x00000000eb27f6d8,0x00000000eb280000)
  to   space 15360K, 0% used [0x00000000ed900000,0x00000000ed900000,0x00000000ee800000)
 ParOldGen       total 145408K, used 21196K [0x00000000a0000000, 0x00000000a8e00000, 0x00000000e0000000)
  object space 145408K, 14% used [0x00000000a0000000,0x00000000a14b31c0,0x00000000a8e00000)
 Metaspace       used 51575K, capacity 54694K, committed 54912K, reserved 1095680K
  class space    used 7384K, capacity 8037K, committed 8064K, reserved 1048576K
Event: 9.448 GC heap after
Heap after GC invocations=12 (full 2):
 PSYoungGen      total 213504K, used 15341K [0x00000000e0000000, 0x00000000f0980000, 0x0000000100000000)
  eden space 198144K, 0% used [0x00000000e0000000,0x00000000e0000000,0x00000000ec180000)
  from space 15360K, 99% used [0x00000000ed900000,0x00000000ee7fb6e8,0x00000000ee800000)
  to   space 24064K, 0% used [0x00000000ec180000,0x00000000ec180000,0x00000000ed900000)
 ParOldGen       total 145408K, used 40480K [0x00000000a0000000, 0x00000000a8e00000, 0x00000000e0000000)
  object space 145408K, 27% used [0x00000000a0000000,0x00000000a27880a8,0x00000000a8e00000)
 Metaspace       used 51575K, capacity 54694K, committed 54912K, reserved 1095680K
  class space    used 7384K, capacity 8037K, committed 8064K, reserved 1048576K
}
Event: 10.296 GC heap before
{Heap before GC invocations=13 (full 2):
 PSYoungGen      total 213504K, used 150461K [0x00000000e0000000, 0x00000000f0980000, 0x0000000100000000)
  eden space 198144K, 68% used [0x00000000e0000000,0x00000000e83f4100,0x00000000ec180000)
  from space 15360K, 99% used [0x00000000ed900000,0x00000000ee7fb6e8,0x00000000ee800000)
  to   space 24064K, 0% used [0x00000000ec180000,0x00000000ec180000,0x00000000ed900000)
 ParOldGen       total 145408K, used 40480K [0x00000000a0000000, 0x00000000a8e00000, 0x00000000e0000000)
  object space 145408K, 27% used [0x00000000a0000000,0x00000000a27880a8,0x00000000a8e00000)
 Metaspace       used 55245K, capacity 59046K, committed 59096K, reserved 1099776K
  class space    used 7904K, capacity 8667K, committed 8704K, reserved 1048576K
Event: 10.383 GC heap after
Heap after GC invocations=13 (full 2):
 PSYoungGen      total 222208K, used 15830K [0x00000000e0000000, 0x00000000f4180000, 0x0000000100000000)
  eden space 198144K, 0% used [0x00000000e0000000,0x00000000e0000000,0x00000000ec180000)
  from space 24064K, 65% used [0x00000000ec180000,0x00000000ed0f5bd0,0x00000000ed900000)
  to   space 24064K, 0% used [0x00000000f2a00000,0x00000000f2a00000,0x00000000f4180000)
 ParOldGen       total 145408K, used 55817K [0x00000000a0000000, 0x00000000a8e00000, 0x00000000e0000000)
  object space 145408K, 38% used [0x00000000a0000000,0x00000000a36825a0,0x00000000a8e00000)
 Metaspace       used 55245K, capacity 59046K, committed 59096K, reserved 1099776K
  class space    used 7904K, capacity 8667K, committed 8704K, reserved 1048576K
}
Event: 10.383 GC heap before
{Heap before GC invocations=14 (full 3):
 PSYoungGen      total 222208K, used 15830K [0x00000000e0000000, 0x00000000f4180000, 0x0000000100000000)
  eden space 198144K, 0% used [0x00000000e0000000,0x00000000e0000000,0x00000000ec180000)
  from space 24064K, 65% used [0x00000000ec180000,0x00000000ed0f5bd0,0x00000000ed900000)
  to   space 24064K, 0% used [0x00000000f2a00000,0x00000000f2a00000,0x00000000f4180000)
 ParOldGen       total 145408K, used 55817K [0x00000000a0000000, 0x00000000a8e00000, 0x00000000e0000000)
  object space 145408K, 38% used [0x00000000a0000000,0x00000000a36825a0,0x00000000a8e00000)
 Metaspace       used 55245K, capacity 59046K, committed 59096K, reserved 1099776K
  class space    used 7904K, capacity 8667K, committed 8704K, reserved 1048576K
Event: 10.660 GC heap after
Heap after GC invocations=14 (full 3):
 PSYoungGen      total 222208K, used 0K [0x00000000e0000000, 0x00000000f4180000, 0x0000000100000000)
  eden space 198144K, 0% used [0x00000000e0000000,0x00000000e0000000,0x00000000ec180000)
  from space 24064K, 0% used [0x00000000ec180000,0x00000000ec180000,0x00000000ed900000)
  to   space 24064K, 0% used [0x00000000f2a00000,0x00000000f2a00000,0x00000000f4180000)
 ParOldGen       total 247296K, used 69197K [0x00000000a0000000, 0x00000000af180000, 0x00000000e0000000)
  object space 247296K, 27% used [0x00000000a0000000,0x00000000a43937a8,0x00000000af180000)
 Metaspace       used 55234K, capacity 59010K, committed 59096K, reserved 1099776K
  class space    used 7900K, capacity 8661K, committed 8704K, reserved 1048576K
}

