# JRE version: Java(TM) SE Runtime Environment (8.0_251-b08) (build 1.8.0_251-b08)
# Java VM: Java HotSpot(TM) 64-Bit Server VM (25.251-b08 mixed mode windows-amd64 compressed oops)
Heap:
 PSYoungGen      total 385024K, used 263699K [0x00000000e0000000, 0x00000000fac80000, 0x0000000100000000)
  eden space 368640K, 69% used [0x00000000e0000000,0x00000000efa30d90,0x00000000f6800000)
  from space 16384K, 45% used [0x00000000f6800000,0x00000000f6f53ec8,0x00000000f7800000)
  to   space 16384K, 0% used [0x00000000f9c80000,0x00000000f9c80000,0x00000000fac80000)
 ParOldGen       total 151040K, used 25748K [0x00000000a0000000, 0x00000000a9380000, 0x00000000e0000000)
  object space 151040K, 17% used [0x00000000a0000000,0x00000000a1925200,0x00000000a9380000)
 Metaspace       used 55437K, capacity 57722K, committed 57984K, reserved 1099776K
  class space    used 7489K, capacity 8002K, committed 8064K, reserved 1048576K
GC Heap History (10 events):
Event: 6.271 GC heap before
{Heap before GC invocations=15 (full 2):
 PSYoungGen      total 250880K, used 249938K [0x00000000e0000000, 0x00000000f0180000, 0x0000000100000000)
  eden space 239616K, 100% used [0x00000000e0000000,0x00000000eea00000,0x00000000eea00000)
  from space 11264K, 91% used [0x00000000ef580000,0x00000000eff949a0,0x00000000f0080000)
  to   space 11776K, 0% used [0x00000000eea00000,0x00000000eea00000,0x00000000ef580000)
 ParOldGen       total 151040K, used 16337K [0x00000000a0000000, 0x00000000a9380000, 0x00000000e0000000)
  object space 151040K, 10% used [0x00000000a0000000,0x00000000a0ff4518,0x00000000a9380000)
 Metaspace       used 41459K, capacity 42864K, committed 43008K, reserved 1085440K
  class space    used 6030K, capacity 6358K, committed 6400K, reserved 1048576K
Event: 6.276 GC heap after
Heap after GC invocations=15 (full 2):
 PSYoungGen      total 251392K, used 11666K [0x00000000e0000000, 0x00000000f4080000, 0x0000000100000000)
  eden space 239616K, 0% used [0x00000000e0000000,0x00000000e0000000,0x00000000eea00000)
  from space 11776K, 99% used [0x00000000eea00000,0x00000000ef5649b0,0x00000000ef580000)
  to   space 12800K, 0% used [0x00000000f3400000,0x00000000f3400000,0x00000000f4080000)
 ParOldGen       total 151040K, used 16345K [0x00000000a0000000, 0x00000000a9380000, 0x00000000e0000000)
  object space 151040K, 10% used [0x00000000a0000000,0x00000000a0ff6518,0x00000000a9380000)
 Metaspace       used 41459K, capacity 42864K, committed 43008K, reserved 1085440K
  class space    used 6030K, capacity 6358K, committed 6400K, reserved 1048576K
}
Event: 6.658 GC heap before
{Heap before GC invocations=16 (full 2):
 PSYoungGen      total 251392K, used 251282K [0x00000000e0000000, 0x00000000f4080000, 0x0000000100000000)
  eden space 239616K, 100% used [0x00000000e0000000,0x00000000eea00000,0x00000000eea00000)
  from space 11776K, 99% used [0x00000000eea00000,0x00000000ef5649b0,0x00000000ef580000)
  to   space 12800K, 0% used [0x00000000f3400000,0x00000000f3400000,0x00000000f4080000)
 ParOldGen       total 151040K, used 16345K [0x00000000a0000000, 0x00000000a9380000, 0x00000000e0000000)
  object space 151040K, 10% used [0x00000000a0000000,0x00000000a0ff6518,0x00000000a9380000)
 Metaspace       used 41460K, capacity 42864K, committed 43008K, reserved 1085440K
  class space    used 6030K, capacity 6358K, committed 6400K, reserved 1048576K
Event: 6.664 GC heap after
Heap after GC invocations=16 (full 2):
 PSYoungGen      total 314368K, used 12795K [0x00000000e0000000, 0x00000000f4300000, 0x0000000100000000)
  eden space 301568K, 0% used [0x00000000e0000000,0x00000000e0000000,0x00000000f2680000)
  from space 12800K, 99% used [0x00000000f3400000,0x00000000f407ee48,0x00000000f4080000)
  to   space 13824K, 0% used [0x00000000f2680000,0x00000000f2680000,0x00000000f3400000)
 ParOldGen       total 151040K, used 16577K [0x00000000a0000000, 0x00000000a9380000, 0x00000000e0000000)
  object space 151040K, 10% used [0x00000000a0000000,0x00000000a1030518,0x00000000a9380000)
 Metaspace       used 41460K, capacity 42864K, committed 43008K, reserved 1085440K
  class space    used 6030K, capacity 6358K, committed 6400K, reserved 1048576K
}
Event: 7.323 GC heap before
{Heap before GC invocations=17 (full 2):
 PSYoungGen      total 314368K, used 314363K [0x00000000e0000000, 0x00000000f4300000, 0x0000000100000000)
  eden space 301568K, 100% used [0x00000000e0000000,0x00000000f2680000,0x00000000f2680000)
  from space 12800K, 99% used [0x00000000f3400000,0x00000000f407ee48,0x00000000f4080000)
  to   space 13824K, 0% used [0x00000000f2680000,0x00000000f2680000,0x00000000f3400000)
 ParOldGen       total 151040K, used 16577K [0x00000000a0000000, 0x00000000a9380000, 0x00000000e0000000)
  object space 151040K, 10% used [0x00000000a0000000,0x00000000a1030518,0x00000000a9380000)
 Metaspace       used 41497K, capacity 42864K, committed 43008K, reserved 1085440K
  class space    used 6031K, capacity 6358K, committed 6400K, reserved 1048576K
Event: 7.327 GC heap after
Heap after GC invocations=17 (full 2):
 PSYoungGen      total 315392K, used 6304K [0x00000000e0000000, 0x00000000f8800000, 0x0000000100000000)
  eden space 301568K, 0% used [0x00000000e0000000,0x00000000e0000000,0x00000000f2680000)
  from space 13824K, 45% used [0x00000000f2680000,0x00000000f2ca8030,0x00000000f3400000)
  to   space 13824K, 0% used [0x00000000f7a80000,0x00000000f7a80000,0x00000000f8800000)
 ParOldGen       total 151040K, used 16585K [0x00000000a0000000, 0x00000000a9380000, 0x00000000e0000000)
  object space 151040K, 10% used [0x00000000a0000000,0x00000000a1032518,0x00000000a9380000)
 Metaspace       used 41497K, capacity 42864K, committed 43008K, reserved 1085440K
  class space    used 6031K, capacity 6358K, committed 6400K, reserved 1048576K
}
Event: 12.504 GC heap before
{Heap before GC invocations=18 (full 2):
 PSYoungGen      total 315392K, used 307872K [0x00000000e0000000, 0x00000000f8800000, 0x0000000100000000)
  eden space 301568K, 100% used [0x00000000e0000000,0x00000000f2680000,0x00000000f2680000)
  from space 13824K, 45% used [0x00000000f2680000,0x00000000f2ca8030,0x00000000f3400000)
  to   space 13824K, 0% used [0x00000000f7a80000,0x00000000f7a80000,0x00000000f8800000)
 ParOldGen       total 151040K, used 16585K [0x00000000a0000000, 0x00000000a9380000, 0x00000000e0000000)
  object space 151040K, 10% used [0x00000000a0000000,0x00000000a1032518,0x00000000a9380000)
 Metaspace       used 47312K, capacity 48896K, committed 49152K, reserved 1091584K
  class space    used 6758K, capacity 7104K, committed 7168K, reserved 1048576K
Event: 12.513 GC heap after
Heap after GC invocations=18 (full 2):
 PSYoungGen      total 377344K, used 13807K [0x00000000e0000000, 0x00000000f8800000, 0x0000000100000000)
  eden space 363520K, 0% used [0x00000000e0000000,0x00000000e0000000,0x00000000f6300000)
  from space 13824K, 99% used [0x00000000f7a80000,0x00000000f87fbe58,0x00000000f8800000)
  to   space 16384K, 0% used [0x00000000f6800000,0x00000000f6800000,0x00000000f7800000)
 ParOldGen       total 151040K, used 20371K [0x00000000a0000000, 0x00000000a9380000, 0x00000000e0000000)
  object space 151040K, 13% used [0x00000000a0000000,0x00000000a13e4c60,0x00000000a9380000)
 Metaspace       used 47312K, capacity 48896K, committed 49152K, reserved 1091584K
  class space    used 6758K, capacity 7104K, committed 7168K, reserved 1048576K
}
Event: 16.190 GC heap before
{Heap before GC invocations=19 (full 2):
 PSYoungGen      total 377344K, used 377327K [0x00000000e0000000, 0x00000000f8800000, 0x0000000100000000)
  eden space 363520K, 100% used [0x00000000e0000000,0x00000000f6300000,0x00000000f6300000)
  from space 13824K, 99% used [0x00000000f7a80000,0x00000000f87fbe58,0x00000000f8800000)
  to   space 16384K, 0% used [0x00000000f6800000,0x00000000f6800000,0x00000000f7800000)
 ParOldGen       total 151040K, used 20371K [0x00000000a0000000, 0x00000000a9380000, 0x00000000e0000000)
  object space 151040K, 13% used [0x00000000a0000000,0x00000000a13e4c60,0x00000000a9380000)
 Metaspace       used 49972K, capacity 51588K, committed 51712K, reserved 1093632K
  class space    used 7040K, capacity 7401K, committed 7424K, reserved 1048576K
Event: 16.198 GC heap after
Heap after GC invocations=19 (full 2):
 PSYoungGen      total 385024K, used 7503K [0x00000000e0000000, 0x00000000fac80000, 0x0000000100000000)
  eden space 368640K, 0% used [0x00000000e0000000,0x00000000e0000000,0x00000000f6800000)
  from space 16384K, 45% used [0x00000000f6800000,0x00000000f6f53ec8,0x00000000f7800000)
  to   space 16384K, 0% used [0x00000000f9c80000,0x00000000f9c80000,0x00000000fac80000)
 ParOldGen       total 151040K, used 25748K [0x00000000a0000000, 0x00000000a9380000, 0x00000000e0000000)
  object space 151040K, 17% used [0x00000000a0000000,0x00000000a1925200,0x00000000a9380000)
 Metaspace       used 49972K, capacity 51588K, committed 51712K, reserved 1093632K
  class space    used 7040K, capacity 7401K, committed 7424K, reserved 1048576K
}

