# JRE version: Java(TM) SE Runtime Environment (8.0_251-b08) (build 1.8.0_251-b08)
# Java VM: Java HotSpot(TM) 64-Bit Server VM (25.251-b08 mixed mode windows-amd64 compressed oops)
Heap:
 PSYoungGen      total 477696K, used 351167K [0x00000000e0000000, 0x00000000fe180000, 0x0000000100000000)
  eden space 462848K, 73% used [0x00000000e0000000,0x00000000f4b5a0f8,0x00000000fc400000)
  from space 14848K, 79% used [0x00000000fc480000,0x00000000fd015bc8,0x00000000fd300000)
  to   space 9216K, 0% used [0x00000000fd880000,0x00000000fd880000,0x00000000fe180000)
 ParOldGen       total 118272K, used 44670K [0x00000000a0000000, 0x00000000a7380000, 0x00000000e0000000)
  object space 118272K, 37% used [0x00000000a0000000,0x00000000a2b9f930,0x00000000a7380000)
 Metaspace       used 52099K, capacity 53712K, committed 54016K, reserved 1095680K
  class space    used 7162K, capacity 7566K, committed 7680K, reserved 1048576K
GC Heap History (10 events):
Event: 60.825 GC heap before
{Heap before GC invocations=31 (full 2):
 PSYoungGen      total 424960K, used 418208K [0x00000000e0000000, 0x00000000faf00000, 0x0000000100000000)
  eden space 410112K, 100% used [0x00000000e0000000,0x00000000f9080000,0x00000000f9080000)
  from space 14848K, 54% used [0x00000000f9f00000,0x00000000fa6e8030,0x00000000fad80000)
  to   space 14848K, 0% used [0x00000000f9080000,0x00000000f9080000,0x00000000f9f00000)
 ParOldGen       total 118272K, used 39670K [0x00000000a0000000, 0x00000000a7380000, 0x00000000e0000000)
  object space 118272K, 33% used [0x00000000a0000000,0x00000000a26bd920,0x00000000a7380000)
 Metaspace       used 51807K, capacity 53520K, committed 53760K, reserved 1095680K
  class space    used 7140K, capacity 7566K, committed 7680K, reserved 1048576K
Event: 60.830 GC heap after
Heap after GC invocations=31 (full 2):
 PSYoungGen      total 424960K, used 8256K [0x00000000e0000000, 0x00000000faf00000, 0x0000000100000000)
  eden space 410112K, 0% used [0x00000000e0000000,0x00000000e0000000,0x00000000f9080000)
  from space 14848K, 55% used [0x00000000f9080000,0x00000000f9890030,0x00000000f9f00000)
  to   space 14848K, 0% used [0x00000000f9f00000,0x00000000f9f00000,0x00000000fad80000)
 ParOldGen       total 118272K, used 41238K [0x00000000a0000000, 0x00000000a7380000, 0x00000000e0000000)
  object space 118272K, 34% used [0x00000000a0000000,0x00000000a2845920,0x00000000a7380000)
 Metaspace       used 51807K, capacity 53520K, committed 53760K, reserved 1095680K
  class space    used 7140K, capacity 7566K, committed 7680K, reserved 1048576K
}
Event: 61.144 GC heap before
{Heap before GC invocations=32 (full 2):
 PSYoungGen      total 424960K, used 418368K [0x00000000e0000000, 0x00000000faf00000, 0x0000000100000000)
  eden space 410112K, 100% used [0x00000000e0000000,0x00000000f9080000,0x00000000f9080000)
  from space 14848K, 55% used [0x00000000f9080000,0x00000000f9890030,0x00000000f9f00000)
  to   space 14848K, 0% used [0x00000000f9f00000,0x00000000f9f00000,0x00000000fad80000)
 ParOldGen       total 118272K, used 41238K [0x00000000a0000000, 0x00000000a7380000, 0x00000000e0000000)
  object space 118272K, 34% used [0x00000000a0000000,0x00000000a2845920,0x00000000a7380000)
 Metaspace       used 51808K, capacity 53520K, committed 53760K, reserved 1095680K
  class space    used 7140K, capacity 7566K, committed 7680K, reserved 1048576K
Event: 61.147 GC heap after
Heap after GC invocations=32 (full 2):
 PSYoungGen      total 424960K, used 8064K [0x00000000e0000000, 0x00000000faf00000, 0x0000000100000000)
  eden space 410112K, 0% used [0x00000000e0000000,0x00000000e0000000,0x00000000f9080000)
  from space 14848K, 54% used [0x00000000f9f00000,0x00000000fa6e0030,0x00000000fad80000)
  to   space 14848K, 0% used [0x00000000f9080000,0x00000000f9080000,0x00000000f9f00000)
 ParOldGen       total 118272K, used 42254K [0x00000000a0000000, 0x00000000a7380000, 0x00000000e0000000)
  object space 118272K, 35% used [0x00000000a0000000,0x00000000a2943920,0x00000000a7380000)
 Metaspace       used 51808K, capacity 53520K, committed 53760K, reserved 1095680K
  class space    used 7140K, capacity 7566K, committed 7680K, reserved 1048576K
}
Event: 61.719 GC heap before
{Heap before GC invocations=33 (full 2):
 PSYoungGen      total 424960K, used 418176K [0x00000000e0000000, 0x00000000faf00000, 0x0000000100000000)
  eden space 410112K, 100% used [0x00000000e0000000,0x00000000f9080000,0x00000000f9080000)
  from space 14848K, 54% used [0x00000000f9f00000,0x00000000fa6e0030,0x00000000fad80000)
  to   space 14848K, 0% used [0x00000000f9080000,0x00000000f9080000,0x00000000f9f00000)
 ParOldGen       total 118272K, used 42254K [0x00000000a0000000, 0x00000000a7380000, 0x00000000e0000000)
  object space 118272K, 35% used [0x00000000a0000000,0x00000000a2943920,0x00000000a7380000)
 Metaspace       used 51812K, capacity 53520K, committed 53760K, reserved 1095680K
  class space    used 7140K, capacity 7566K, committed 7680K, reserved 1048576K
Event: 61.723 GC heap after
Heap after GC invocations=33 (full 2):
 PSYoungGen      total 424960K, used 8672K [0x00000000e0000000, 0x00000000fe680000, 0x0000000100000000)
  eden space 410112K, 0% used [0x00000000e0000000,0x00000000e0000000,0x00000000f9080000)
  from space 14848K, 58% used [0x00000000f9080000,0x00000000f98f8030,0x00000000f9f00000)
  to   space 14336K, 0% used [0x00000000fd880000,0x00000000fd880000,0x00000000fe680000)
 ParOldGen       total 118272K, used 43326K [0x00000000a0000000, 0x00000000a7380000, 0x00000000e0000000)
  object space 118272K, 36% used [0x00000000a0000000,0x00000000a2a4f920,0x00000000a7380000)
 Metaspace       used 51812K, capacity 53520K, committed 53760K, reserved 1095680K
  class space    used 7140K, capacity 7566K, committed 7680K, reserved 1048576K
}
Event: 65.084 GC heap before
{Heap before GC invocations=34 (full 2):
 PSYoungGen      total 424960K, used 418784K [0x00000000e0000000, 0x00000000fe680000, 0x0000000100000000)
  eden space 410112K, 100% used [0x00000000e0000000,0x00000000f9080000,0x00000000f9080000)
  from space 14848K, 58% used [0x00000000f9080000,0x00000000f98f8030,0x00000000f9f00000)
  to   space 14336K, 0% used [0x00000000fd880000,0x00000000fd880000,0x00000000fe680000)
 ParOldGen       total 118272K, used 43326K [0x00000000a0000000, 0x00000000a7380000, 0x00000000e0000000)
  object space 118272K, 36% used [0x00000000a0000000,0x00000000a2a4f920,0x00000000a7380000)
 Metaspace       used 52091K, capacity 53712K, committed 54016K, reserved 1095680K
  class space    used 7161K, capacity 7566K, committed 7680K, reserved 1048576K
Event: 65.090 GC heap after
Heap after GC invocations=34 (full 2):
 PSYoungGen      total 472064K, used 9120K [0x00000000e0000000, 0x00000000fe180000, 0x0000000100000000)
  eden space 462848K, 0% used [0x00000000e0000000,0x00000000e0000000,0x00000000fc400000)
  from space 9216K, 98% used [0x00000000fd880000,0x00000000fe168020,0x00000000fe180000)
  to   space 14848K, 0% used [0x00000000fc480000,0x00000000fc480000,0x00000000fd300000)
 ParOldGen       total 118272K, used 44670K [0x00000000a0000000, 0x00000000a7380000, 0x00000000e0000000)
  object space 118272K, 37% used [0x00000000a0000000,0x00000000a2b9f930,0x00000000a7380000)
 Metaspace       used 52091K, capacity 53712K, committed 54016K, reserved 1095680K
  class space    used 7161K, capacity 7566K, committed 7680K, reserved 1048576K
}
Event: 66.174 GC heap before
{Heap before GC invocations=35 (full 2):
 PSYoungGen      total 472064K, used 471968K [0x00000000e0000000, 0x00000000fe180000, 0x0000000100000000)
  eden space 462848K, 100% used [0x00000000e0000000,0x00000000fc400000,0x00000000fc400000)
  from space 9216K, 98% used [0x00000000fd880000,0x00000000fe168020,0x00000000fe180000)
  to   space 14848K, 0% used [0x00000000fc480000,0x00000000fc480000,0x00000000fd300000)
 ParOldGen       total 118272K, used 44670K [0x00000000a0000000, 0x00000000a7380000, 0x00000000e0000000)
  object space 118272K, 37% used [0x00000000a0000000,0x00000000a2b9f930,0x00000000a7380000)
 Metaspace       used 52099K, capacity 53712K, committed 54016K, reserved 1095680K
  class space    used 7162K, capacity 7566K, committed 7680K, reserved 1048576K
Event: 66.186 GC heap after
Heap after GC invocations=35 (full 2):
 PSYoungGen      total 477696K, used 11862K [0x00000000e0000000, 0x00000000fe180000, 0x0000000100000000)
  eden space 462848K, 0% used [0x00000000e0000000,0x00000000e0000000,0x00000000fc400000)
  from space 14848K, 79% used [0x00000000fc480000,0x00000000fd015bc8,0x00000000fd300000)
  to   space 9216K, 0% used [0x00000000fd880000,0x00000000fd880000,0x00000000fe180000)
 ParOldGen       total 118272K, used 44670K [0x00000000a0000000, 0x00000000a7380000, 0x00000000e0000000)
  object space 118272K, 37% used [0x00000000a0000000,0x00000000a2b9f930,0x00000000a7380000)
 Metaspace       used 52099K, capacity 53712K, committed 54016K, reserved 1095680K
  class space    used 7162K, capacity 7566K, committed 7680K, reserved 1048576K
}

