# JRE version: Java(TM) SE Runtime Environment (8.0_251-b08) (build 1.8.0_251-b08)
# Java VM: Java HotSpot(TM) 64-Bit Server VM (25.251-b08 mixed mode windows-amd64 compressed oops)
Heap:
 PSYoungGen      total 197120K, used 110430K [0x000000076b800000, 0x0000000779200000, 0x00000007c0000000)
  eden space 186368K, 59% used [0x000000076b800000,0x00000007723d78f8,0x0000000776e00000)
  from space 10752K, 0% used [0x0000000777880000,0x0000000777880000,0x0000000778300000)
  to   space 10752K, 0% used [0x0000000776e00000,0x0000000776e00000,0x0000000777880000)
 ParOldGen       total 200192K, used 22711K [0x00000006c2800000, 0x00000006ceb80000, 0x000000076b800000)
  object space 200192K, 11% used [0x00000006c2800000,0x00000006c3e2dd28,0x00000006ceb80000)
 Metaspace       used 46329K, capacity 47149K, committed 47488K, reserved 1091584K
  class space    used 6040K, capacity 6269K, committed 6272K, reserved 1048576K
GC Heap History (10 events):
Event: 1.121 GC heap before
{Heap before GC invocations=2 (full 0):
 PSYoungGen      total 75776K, used 33517K [0x000000076b800000, 0x0000000774c00000, 0x00000007c0000000)
  eden space 65024K, 35% used [0x000000076b800000,0x000000076ce3da28,0x000000076f780000)
  from space 10752K, 99% used [0x000000076f780000,0x00000007701fdd60,0x0000000770200000)
  to   space 10752K, 0% used [0x0000000774180000,0x0000000774180000,0x0000000774c00000)
 ParOldGen       total 173568K, used 4671K [0x00000006c2800000, 0x00000006cd180000, 0x000000076b800000)
  object space 173568K, 2% used [0x00000006c2800000,0x00000006c2c8fc18,0x00000006cd180000)
 Metaspace       used 20769K, capacity 21166K, committed 21296K, reserved 1069056K
  class space    used 2533K, capacity 2654K, committed 2688K, reserved 1048576K
Event: 1.127 GC heap after
Heap after GC invocations=2 (full 0):
 PSYoungGen      total 140800K, used 10569K [0x000000076b800000, 0x0000000774c00000, 0x00000007c0000000)
  eden space 130048K, 0% used [0x000000076b800000,0x000000076b800000,0x0000000773700000)
  from space 10752K, 98% used [0x0000000774180000,0x0000000774bd2730,0x0000000774c00000)
  to   space 10752K, 0% used [0x0000000773700000,0x0000000773700000,0x0000000774180000)
 ParOldGen       total 173568K, used 4743K [0x00000006c2800000, 0x00000006cd180000, 0x000000076b800000)
  object space 173568K, 2% used [0x00000006c2800000,0x00000006c2ca1c28,0x00000006cd180000)
 Metaspace       used 20769K, capacity 21166K, committed 21296K, reserved 1069056K
  class space    used 2533K, capacity 2654K, committed 2688K, reserved 1048576K
}
Event: 1.127 GC heap before
{Heap before GC invocations=3 (full 1):
 PSYoungGen      total 140800K, used 10569K [0x000000076b800000, 0x0000000774c00000, 0x00000007c0000000)
  eden space 130048K, 0% used [0x000000076b800000,0x000000076b800000,0x0000000773700000)
  from space 10752K, 98% used [0x0000000774180000,0x0000000774bd2730,0x0000000774c00000)
  to   space 10752K, 0% used [0x0000000773700000,0x0000000773700000,0x0000000774180000)
 ParOldGen       total 173568K, used 4743K [0x00000006c2800000, 0x00000006cd180000, 0x000000076b800000)
  object space 173568K, 2% used [0x00000006c2800000,0x00000006c2ca1c28,0x00000006cd180000)
 Metaspace       used 20769K, capacity 21166K, committed 21296K, reserved 1069056K
  class space    used 2533K, capacity 2654K, committed 2688K, reserved 1048576K
Event: 1.151 GC heap after
Heap after GC invocations=3 (full 1):
 PSYoungGen      total 140800K, used 0K [0x000000076b800000, 0x0000000774c00000, 0x00000007c0000000)
  eden space 130048K, 0% used [0x000000076b800000,0x000000076b800000,0x0000000773700000)
  from space 10752K, 0% used [0x0000000774180000,0x0000000774180000,0x0000000774c00000)
  to   space 10752K, 0% used [0x0000000773700000,0x0000000773700000,0x0000000774180000)
 ParOldGen       total 118272K, used 10303K [0x00000006c2800000, 0x00000006c9b80000, 0x000000076b800000)
  object space 118272K, 8% used [0x00000006c2800000,0x00000006c320ffb8,0x00000006c9b80000)
 Metaspace       used 20769K, capacity 21166K, committed 21296K, reserved 1069056K
  class space    used 2533K, capacity 2654K, committed 2688K, reserved 1048576K
}
Event: 2.051 GC heap before
{Heap before GC invocations=4 (full 1):
 PSYoungGen      total 140800K, used 130048K [0x000000076b800000, 0x0000000774c00000, 0x00000007c0000000)
  eden space 130048K, 100% used [0x000000076b800000,0x0000000773700000,0x0000000773700000)
  from space 10752K, 0% used [0x0000000774180000,0x0000000774180000,0x0000000774c00000)
  to   space 10752K, 0% used [0x0000000773700000,0x0000000773700000,0x0000000774180000)
 ParOldGen       total 118272K, used 10303K [0x00000006c2800000, 0x00000006c9b80000, 0x000000076b800000)
  object space 118272K, 8% used [0x00000006c2800000,0x00000006c320ffb8,0x00000006c9b80000)
 Metaspace       used 33344K, capacity 33919K, committed 34304K, reserved 1079296K
  class space    used 4370K, capacity 4534K, committed 4608K, reserved 1048576K
Event: 2.064 GC heap after
Heap after GC invocations=4 (full 1):
 PSYoungGen      total 140800K, used 10744K [0x000000076b800000, 0x0000000778300000, 0x00000007c0000000)
  eden space 130048K, 0% used [0x000000076b800000,0x000000076b800000,0x0000000773700000)
  from space 10752K, 99% used [0x0000000773700000,0x000000077417e288,0x0000000774180000)
  to   space 10752K, 0% used [0x0000000777880000,0x0000000777880000,0x0000000778300000)
 ParOldGen       total 118272K, used 27061K [0x00000006c2800000, 0x00000006c9b80000, 0x000000076b800000)
  object space 118272K, 22% used [0x00000006c2800000,0x00000006c426d488,0x00000006c9b80000)
 Metaspace       used 33344K, capacity 33919K, committed 34304K, reserved 1079296K
  class space    used 4370K, capacity 4534K, committed 4608K, reserved 1048576K
}
Event: 2.161 GC heap before
{Heap before GC invocations=5 (full 1):
 PSYoungGen      total 140800K, used 19339K [0x000000076b800000, 0x0000000778300000, 0x00000007c0000000)
  eden space 130048K, 6% used [0x000000076b800000,0x000000076c064a38,0x0000000773700000)
  from space 10752K, 99% used [0x0000000773700000,0x000000077417e288,0x0000000774180000)
  to   space 10752K, 0% used [0x0000000777880000,0x0000000777880000,0x0000000778300000)
 ParOldGen       total 118272K, used 27061K [0x00000006c2800000, 0x00000006c9b80000, 0x000000076b800000)
  object space 118272K, 22% used [0x00000006c2800000,0x00000006c426d488,0x00000006c9b80000)
 Metaspace       used 34600K, capacity 35253K, committed 35456K, reserved 1079296K
  class space    used 4501K, capacity 4685K, committed 4736K, reserved 1048576K
Event: 2.167 GC heap after
Heap after GC invocations=5 (full 1):
 PSYoungGen      total 197120K, used 10744K [0x000000076b800000, 0x0000000779200000, 0x00000007c0000000)
  eden space 186368K, 0% used [0x000000076b800000,0x000000076b800000,0x0000000776e00000)
  from space 10752K, 99% used [0x0000000777880000,0x00000007782fe288,0x0000000778300000)
  to   space 10752K, 0% used [0x0000000776e00000,0x0000000776e00000,0x0000000777880000)
 ParOldGen       total 118272K, used 28303K [0x00000006c2800000, 0x00000006c9b80000, 0x000000076b800000)
  object space 118272K, 23% used [0x00000006c2800000,0x00000006c43a3c70,0x00000006c9b80000)
 Metaspace       used 34600K, capacity 35253K, committed 35456K, reserved 1079296K
  class space    used 4501K, capacity 4685K, committed 4736K, reserved 1048576K
}
Event: 2.167 GC heap before
{Heap before GC invocations=6 (full 2):
 PSYoungGen      total 197120K, used 10744K [0x000000076b800000, 0x0000000779200000, 0x00000007c0000000)
  eden space 186368K, 0% used [0x000000076b800000,0x000000076b800000,0x0000000776e00000)
  from space 10752K, 99% used [0x0000000777880000,0x00000007782fe288,0x0000000778300000)
  to   space 10752K, 0% used [0x0000000776e00000,0x0000000776e00000,0x0000000777880000)
 ParOldGen       total 118272K, used 28303K [0x00000006c2800000, 0x00000006c9b80000, 0x000000076b800000)
  object space 118272K, 23% used [0x00000006c2800000,0x00000006c43a3c70,0x00000006c9b80000)
 Metaspace       used 34600K, capacity 35253K, committed 35456K, reserved 1079296K
  class space    used 4501K, capacity 4685K, committed 4736K, reserved 1048576K
Event: 2.213 GC heap after
Heap after GC invocations=6 (full 2):
 PSYoungGen      total 197120K, used 0K [0x000000076b800000, 0x0000000779200000, 0x00000007c0000000)
  eden space 186368K, 0% used [0x000000076b800000,0x000000076b800000,0x0000000776e00000)
  from space 10752K, 0% used [0x0000000777880000,0x0000000777880000,0x0000000778300000)
  to   space 10752K, 0% used [0x0000000776e00000,0x0000000776e00000,0x0000000777880000)
 ParOldGen       total 200192K, used 22711K [0x00000006c2800000, 0x00000006ceb80000, 0x000000076b800000)
  object space 200192K, 11% used [0x00000006c2800000,0x00000006c3e2dd28,0x00000006ceb80000)
 Metaspace       used 34600K, capacity 35253K, committed 35456K, reserved 1079296K
  class space    used 4501K, capacity 4685K, committed 4736K, reserved 1048576K
}

